Analysis & Synthesis report for ULA
Wed Oct 18 16:17:52 2023
Quartus Prime Version 21.1.0 Build 842 10/21/2021 SJ Lite Edition


---------------------
; Table of Contents ;
---------------------
  1. Legal Notice
  2. Analysis & Synthesis Summary
  3. Analysis & Synthesis Settings
  4. Parallel Compilation
  5. Analysis & Synthesis Source Files Read
  6. Analysis & Synthesis Resource Usage Summary
  7. Analysis & Synthesis Resource Utilization by Entity
  8. General Register Statistics
  9. Multiplexer Restructuring Statistics (Restructuring Performed)
 10. Parameter Settings for User Entity Instance: BUSMUX:inst
 11. Parameter Settings for User Entity Instance: BUSMUX:inst9
 12. Parameter Settings for User Entity Instance: BUSMUX:inst10
 13. Post-Synthesis Netlist Statistics for Top Partition
 14. Elapsed Time Per Partition
 15. Analysis & Synthesis Messages



----------------
; Legal Notice ;
----------------
Copyright (C) 2021  Intel Corporation. All rights reserved.
Your use of Intel Corporation's design tools, logic functions 
and other software and tools, and any partner logic 
functions, and any output files from any of the foregoing 
(including device programming or simulation files), and any 
associated documentation or information are expressly subject 
to the terms and conditions of the Intel Program License 
Subscription Agreement, the Intel Quartus Prime License Agreement,
the Intel FPGA IP License Agreement, or other applicable license
agreement, including, without limitation, that your use is for
the sole purpose of programming logic devices manufactured by
Intel and sold by Intel or its authorized distributors.  Please
refer to the applicable agreement for further details, at
https://fpgasoftware.intel.com/eula.



+----------------------------------------------------------------------------------+
; Analysis & Synthesis Summary                                                     ;
+------------------------------------+---------------------------------------------+
; Analysis & Synthesis Status        ; Successful - Wed Oct 18 16:17:52 2023       ;
; Quartus Prime Version              ; 21.1.0 Build 842 10/21/2021 SJ Lite Edition ;
; Revision Name                      ; ULA                                         ;
; Top-level Entity Name              ; ULA                                         ;
; Family                             ; Cyclone IV E                                ;
; Total logic elements               ; 29                                          ;
;     Total combinational functions  ; 29                                          ;
;     Dedicated logic registers      ; 0                                           ;
; Total registers                    ; 0                                           ;
; Total pins                         ; 26                                          ;
; Total virtual pins                 ; 0                                           ;
; Total memory bits                  ; 0                                           ;
; Embedded Multiplier 9-bit elements ; 0                                           ;
; Total PLLs                         ; 0                                           ;
+------------------------------------+---------------------------------------------+


+------------------------------------------------------------------------------------------------------------+
; Analysis & Synthesis Settings                                                                              ;
+------------------------------------------------------------------+--------------------+--------------------+
; Option                                                           ; Setting            ; Default Value      ;
+------------------------------------------------------------------+--------------------+--------------------+
; Device                                                           ; EP4CE115F29C7      ;                    ;
; Top-level entity name                                            ; ULA                ; ULA                ;
; Family name                                                      ; Cyclone IV E       ; Cyclone V          ;
; Use smart compilation                                            ; Off                ; Off                ;
; Enable parallel Assembler and Timing Analyzer during compilation ; On                 ; On                 ;
; Enable compact report table                                      ; Off                ; Off                ;
; Restructure Multiplexers                                         ; Auto               ; Auto               ;
; Create Debugging Nodes for IP Cores                              ; Off                ; Off                ;
; Preserve fewer node names                                        ; On                 ; On                 ;
; Intel FPGA IP Evaluation Mode                                    ; Enable             ; Enable             ;
; Verilog Version                                                  ; Verilog_2001       ; Verilog_2001       ;
; VHDL Version                                                     ; VHDL_1993          ; VHDL_1993          ;
; State Machine Processing                                         ; Auto               ; Auto               ;
; Safe State Machine                                               ; Off                ; Off                ;
; Extract Verilog State Machines                                   ; On                 ; On                 ;
; Extract VHDL State Machines                                      ; On                 ; On                 ;
; Ignore Verilog initial constructs                                ; Off                ; Off                ;
; Iteration limit for constant Verilog loops                       ; 5000               ; 5000               ;
; Iteration limit for non-constant Verilog loops                   ; 250                ; 250                ;
; Add Pass-Through Logic to Inferred RAMs                          ; On                 ; On                 ;
; Infer RAMs from Raw Logic                                        ; On                 ; On                 ;
; Parallel Synthesis                                               ; On                 ; On                 ;
; DSP Block Balancing                                              ; Auto               ; Auto               ;
; NOT Gate Push-Back                                               ; On                 ; On                 ;
; Power-Up Don't Care                                              ; On                 ; On                 ;
; Remove Redundant Logic Cells                                     ; Off                ; Off                ;
; Remove Duplicate Registers                                       ; On                 ; On                 ;
; Ignore CARRY Buffers                                             ; Off                ; Off                ;
; Ignore CASCADE Buffers                                           ; Off                ; Off                ;
; Ignore GLOBAL Buffers                                            ; Off                ; Off                ;
; Ignore ROW GLOBAL Buffers                                        ; Off                ; Off                ;
; Ignore LCELL Buffers                                             ; Off                ; Off                ;
; Ignore SOFT Buffers                                              ; On                 ; On                 ;
; Limit AHDL Integers to 32 Bits                                   ; Off                ; Off                ;
; Optimization Technique                                           ; Balanced           ; Balanced           ;
; Carry Chain Length                                               ; 70                 ; 70                 ;
; Auto Carry Chains                                                ; On                 ; On                 ;
; Auto Open-Drain Pins                                             ; On                 ; On                 ;
; Perform WYSIWYG Primitive Resynthesis                            ; Off                ; Off                ;
; Auto ROM Replacement                                             ; On                 ; On                 ;
; Auto RAM Replacement                                             ; On                 ; On                 ;
; Auto DSP Block Replacement                                       ; On                 ; On                 ;
; Auto Shift Register Replacement                                  ; Auto               ; Auto               ;
; Allow Shift Register Merging across Hierarchies                  ; Auto               ; Auto               ;
; Auto Clock Enable Replacement                                    ; On                 ; On                 ;
; Strict RAM Replacement                                           ; Off                ; Off                ;
; Allow Synchronous Control Signals                                ; On                 ; On                 ;
; Force Use of Synchronous Clear Signals                           ; Off                ; Off                ;
; Auto RAM Block Balancing                                         ; On                 ; On                 ;
; Auto RAM to Logic Cell Conversion                                ; Off                ; Off                ;
; Auto Resource Sharing                                            ; Off                ; Off                ;
; Allow Any RAM Size For Recognition                               ; Off                ; Off                ;
; Allow Any ROM Size For Recognition                               ; Off                ; Off                ;
; Allow Any Shift Register Size For Recognition                    ; Off                ; Off                ;
; Use LogicLock Constraints during Resource Balancing              ; On                 ; On                 ;
; Ignore translate_off and synthesis_off directives                ; Off                ; Off                ;
; Timing-Driven Synthesis                                          ; On                 ; On                 ;
; Report Parameter Settings                                        ; On                 ; On                 ;
; Report Source Assignments                                        ; On                 ; On                 ;
; Report Connectivity Checks                                       ; On                 ; On                 ;
; Ignore Maximum Fan-Out Assignments                               ; Off                ; Off                ;
; Synchronization Register Chain Length                            ; 2                  ; 2                  ;
; Power Optimization During Synthesis                              ; Normal compilation ; Normal compilation ;
; HDL message level                                                ; Level2             ; Level2             ;
; Suppress Register Optimization Related Messages                  ; Off                ; Off                ;
; Number of Removed Registers Reported in Synthesis Report         ; 5000               ; 5000               ;
; Number of Swept Nodes Reported in Synthesis Report               ; 5000               ; 5000               ;
; Number of Inverted Registers Reported in Synthesis Report        ; 100                ; 100                ;
; Clock MUX Protection                                             ; On                 ; On                 ;
; Auto Gated Clock Conversion                                      ; Off                ; Off                ;
; Block Design Naming                                              ; Auto               ; Auto               ;
; SDC constraint protection                                        ; Off                ; Off                ;
; Synthesis Effort                                                 ; Auto               ; Auto               ;
; Shift Register Replacement - Allow Asynchronous Clear Signal     ; On                 ; On                 ;
; Pre-Mapping Resynthesis Optimization                             ; Off                ; Off                ;
; Analysis & Synthesis Message Level                               ; Medium             ; Medium             ;
; Disable Register Merging Across Hierarchies                      ; Auto               ; Auto               ;
; Resource Aware Inference For Block RAM                           ; On                 ; On                 ;
+------------------------------------------------------------------+--------------------+--------------------+


+------------------------------------------+
; Parallel Compilation                     ;
+----------------------------+-------------+
; Processors                 ; Number      ;
+----------------------------+-------------+
; Number detected on machine ; 4           ;
; Maximum allowed            ; 4           ;
;                            ;             ;
; Average used               ; 1.00        ;
; Maximum used               ; 1           ;
;                            ;             ;
; Usage by Processor         ; % Time Used ;
;     Processor 1            ; 100.0%      ;
+----------------------------+-------------+


+------------------------------------------------------------------------------------------------------------------------------------------------------------------------------------------------------------+
; Analysis & Synthesis Source Files Read                                                                                                                                                                     ;
+----------------------------------+-----------------+------------------------------------------+--------------------------------------------------------------------------------------------------+---------+
; File Name with User-Entered Path ; Used in Netlist ; File Type                                ; File Name with Absolute Path                                                                     ; Library ;
+----------------------------------+-----------------+------------------------------------------+--------------------------------------------------------------------------------------------------+---------+
; ULA.bdf                          ; yes             ; User Block Diagram/Schematic File        ; C:/Users/14585976/Desktop/dalas/SSC0108-Pratica-Sistemas-Digitais/ULA/ULA.bdf                    ;         ;
; busmux.tdf                       ; yes             ; Megafunction                             ; c:/intelfpga_lite/21.1/quartus/libraries/megafunctions/busmux.tdf                                ;         ;
; lpm_mux.inc                      ; yes             ; Megafunction                             ; c:/intelfpga_lite/21.1/quartus/libraries/megafunctions/lpm_mux.inc                               ;         ;
; lpm_mux.tdf                      ; yes             ; Megafunction                             ; c:/intelfpga_lite/21.1/quartus/libraries/megafunctions/lpm_mux.tdf                               ;         ;
; aglobal211.inc                   ; yes             ; Megafunction                             ; c:/intelfpga_lite/21.1/quartus/libraries/megafunctions/aglobal211.inc                            ;         ;
; muxlut.inc                       ; yes             ; Megafunction                             ; c:/intelfpga_lite/21.1/quartus/libraries/megafunctions/muxlut.inc                                ;         ;
; bypassff.inc                     ; yes             ; Megafunction                             ; c:/intelfpga_lite/21.1/quartus/libraries/megafunctions/bypassff.inc                              ;         ;
; altshift.inc                     ; yes             ; Megafunction                             ; c:/intelfpga_lite/21.1/quartus/libraries/megafunctions/altshift.inc                              ;         ;
; db/mux_arc.tdf                   ; yes             ; Auto-Generated Megafunction              ; C:/Users/14585976/Desktop/dalas/SSC0108-Pratica-Sistemas-Digitais/ULA/db/mux_arc.tdf             ;         ;
; somadorcompleto4bits.bdf         ; yes             ; Auto-Found Block Diagram/Schematic File  ; C:/Users/14585976/Desktop/dalas/SSC0108-Pratica-Sistemas-Digitais/ULA/somadorcompleto4bits.bdf   ;         ;
; somador.bdf                      ; yes             ; Auto-Found Block Diagram/Schematic File  ; C:/Users/14585976/Desktop/dalas/SSC0108-Pratica-Sistemas-Digitais/ULA/somador.bdf                ;         ;
; iwanttodie.bdf                   ; yes             ; Auto-Found Block Diagram/Schematic File  ; C:/Users/14585976/Desktop/dalas/SSC0108-Pratica-Sistemas-Digitais/ULA/iwanttodie.bdf             ;         ;
; subtratorcompleto4bits.bdf       ; yes             ; Auto-Found Block Diagram/Schematic File  ; C:/Users/14585976/Desktop/dalas/SSC0108-Pratica-Sistemas-Digitais/ULA/subtratorcompleto4bits.bdf ;         ;
; subtratorcompleto.bdf            ; yes             ; Auto-Found Block Diagram/Schematic File  ; C:/Users/14585976/Desktop/dalas/SSC0108-Pratica-Sistemas-Digitais/ULA/subtratorcompleto.bdf      ;         ;
; divide2.bdf                      ; yes             ; Auto-Found Block Diagram/Schematic File  ; C:/Users/14585976/Desktop/dalas/SSC0108-Pratica-Sistemas-Digitais/ULA/divide2.bdf                ;         ;
+----------------------------------+-----------------+------------------------------------------+--------------------------------------------------------------------------------------------------+---------+


+-----------------------------------------------------------------+
; Analysis & Synthesis Resource Usage Summary                     ;
+---------------------------------------------+-------------------+
; Resource                                    ; Usage             ;
+---------------------------------------------+-------------------+
; Estimated Total logic elements              ; 29                ;
;                                             ;                   ;
; Total combinational functions               ; 29                ;
; Logic element usage by number of LUT inputs ;                   ;
;     -- 4 input functions                    ; 23                ;
;     -- 3 input functions                    ; 4                 ;
;     -- <=2 input functions                  ; 2                 ;
;                                             ;                   ;
; Logic elements by mode                      ;                   ;
;     -- normal mode                          ; 29                ;
;     -- arithmetic mode                      ; 0                 ;
;                                             ;                   ;
; Total registers                             ; 0                 ;
;     -- Dedicated logic registers            ; 0                 ;
;     -- I/O registers                        ; 0                 ;
;                                             ;                   ;
; I/O pins                                    ; 26                ;
;                                             ;                   ;
; Embedded Multiplier 9-bit elements          ; 0                 ;
;                                             ;                   ;
; Maximum fan-out node                        ; Controle[1]~input ;
; Maximum fan-out                             ; 8                 ;
; Total fan-out                               ; 142               ;
; Average fan-out                             ; 1.75              ;
+---------------------------------------------+-------------------+


+------------------------------------------------------------------------------------------------------------------------------------------------------------------------------------------------------------------------------------------------------------------+
; Analysis & Synthesis Resource Utilization by Entity                                                                                                                                                                                                              ;
+-----------------------------------+---------------------+---------------------------+-------------+--------------+---------+-----------+------+--------------+-----------------------------------------------------------+------------------------+--------------+
; Compilation Hierarchy Node        ; Combinational ALUTs ; Dedicated Logic Registers ; Memory Bits ; DSP Elements ; DSP 9x9 ; DSP 18x18 ; Pins ; Virtual Pins ; Full Hierarchy Name                                       ; Entity Name            ; Library Name ;
+-----------------------------------+---------------------+---------------------------+-------------+--------------+---------+-----------+------+--------------+-----------------------------------------------------------+------------------------+--------------+
; |ULA                              ; 29 (18)             ; 0 (0)                     ; 0           ; 0            ; 0       ; 0         ; 26   ; 0            ; |ULA                                                      ; ULA                    ; work         ;
;    |Subtratorcompleto4bits:inst6| ; 3 (0)               ; 0 (0)                     ; 0           ; 0            ; 0       ; 0         ; 0    ; 0            ; |ULA|Subtratorcompleto4bits:inst6                         ; Subtratorcompleto4bits ; work         ;
;       |Subtratorcompleto:inst1|   ; 2 (2)               ; 0 (0)                     ; 0           ; 0            ; 0       ; 0         ; 0    ; 0            ; |ULA|Subtratorcompleto4bits:inst6|Subtratorcompleto:inst1 ; Subtratorcompleto      ; work         ;
;       |Subtratorcompleto:inst2|   ; 1 (1)               ; 0 (0)                     ; 0           ; 0            ; 0       ; 0         ; 0    ; 0            ; |ULA|Subtratorcompleto4bits:inst6|Subtratorcompleto:inst2 ; Subtratorcompleto      ; work         ;
;    |busmux:inst|                  ; 4 (0)               ; 0 (0)                     ; 0           ; 0            ; 0       ; 0         ; 0    ; 0            ; |ULA|busmux:inst                                          ; busmux                 ; work         ;
;       |lpm_mux:$00000|            ; 4 (0)               ; 0 (0)                     ; 0           ; 0            ; 0       ; 0         ; 0    ; 0            ; |ULA|busmux:inst|lpm_mux:$00000                           ; lpm_mux                ; work         ;
;          |mux_arc:auto_generated| ; 4 (4)               ; 0 (0)                     ; 0           ; 0            ; 0       ; 0         ; 0    ; 0            ; |ULA|busmux:inst|lpm_mux:$00000|mux_arc:auto_generated    ; mux_arc                ; work         ;
;    |somadorcompleto4bits:inSAst|  ; 4 (0)               ; 0 (0)                     ; 0           ; 0            ; 0       ; 0         ; 0    ; 0            ; |ULA|somadorcompleto4bits:inSAst                          ; somadorcompleto4bits   ; work         ;
;       |Somador:inst1|             ; 3 (3)               ; 0 (0)                     ; 0           ; 0            ; 0       ; 0         ; 0    ; 0            ; |ULA|somadorcompleto4bits:inSAst|Somador:inst1            ; Somador                ; work         ;
;       |Somador:inst2|             ; 1 (1)               ; 0 (0)                     ; 0           ; 0            ; 0       ; 0         ; 0    ; 0            ; |ULA|somadorcompleto4bits:inSAst|Somador:inst2            ; Somador                ; work         ;
+-----------------------------------+---------------------+---------------------------+-------------+--------------+---------+-----------+------+--------------+-----------------------------------------------------------+------------------------+--------------+
Note: For table entries with two numbers listed, the numbers in parentheses indicate the number of resources of the given type used by the specific entity alone. The numbers listed outside of parentheses indicate the total resources of the given type used by the specific entity and all of its sub-entities in the hierarchy.


+------------------------------------------------------+
; General Register Statistics                          ;
+----------------------------------------------+-------+
; Statistic                                    ; Value ;
+----------------------------------------------+-------+
; Total registers                              ; 0     ;
; Number of registers using Synchronous Clear  ; 0     ;
; Number of registers using Synchronous Load   ; 0     ;
; Number of registers using Asynchronous Clear ; 0     ;
; Number of registers using Asynchronous Load  ; 0     ;
; Number of registers using Clock Enable       ; 0     ;
; Number of registers using Preset             ; 0     ;
+----------------------------------------------+-------+


+-------------------------------------------------------------------------------------------------------------------------------------------------------------------------------------+
; Multiplexer Restructuring Statistics (Restructuring Performed)                                                                                                                      ;
+--------------------+-----------+---------------+----------------------+------------------------+------------+-----------------------------------------------------------------------+
; Multiplexer Inputs ; Bus Width ; Baseline Area ; Area if Restructured ; Saving if Restructured ; Registered ; Example Multiplexer Output                                            ;
+--------------------+-----------+---------------+----------------------+------------------------+------------+-----------------------------------------------------------------------+
; 4:1                ; 2 bits    ; 4 LEs         ; 4 LEs                ; 0 LEs                  ; No         ; |ULA|busmux:inst|lpm_mux:$00000|mux_arc:auto_generated|result_node[2] ;
+--------------------+-----------+---------------+----------------------+------------------------+------------+-----------------------------------------------------------------------+


+----------------------------------------------------------+
; Parameter Settings for User Entity Instance: BUSMUX:inst ;
+----------------+-------+---------------------------------+
; Parameter Name ; Value ; Type                            ;
+----------------+-------+---------------------------------+
; WIDTH          ; 4     ; Untyped                         ;
+----------------+-------+---------------------------------+
Note: In order to hide this table in the UI and the text report file, please set the "Show Parameter Settings in Synthesis Report" option in "Analysis and Synthesis Settings -> More Settings" to "Off".


+-----------------------------------------------------------+
; Parameter Settings for User Entity Instance: BUSMUX:inst9 ;
+----------------+-------+----------------------------------+
; Parameter Name ; Value ; Type                             ;
+----------------+-------+----------------------------------+
; WIDTH          ; 4     ; Untyped                          ;
+----------------+-------+----------------------------------+
Note: In order to hide this table in the UI and the text report file, please set the "Show Parameter Settings in Synthesis Report" option in "Analysis and Synthesis Settings -> More Settings" to "Off".


+------------------------------------------------------------+
; Parameter Settings for User Entity Instance: BUSMUX:inst10 ;
+----------------+-------+-----------------------------------+
; Parameter Name ; Value ; Type                              ;
+----------------+-------+-----------------------------------+
; WIDTH          ; 4     ; Untyped                           ;
+----------------+-------+-----------------------------------+
Note: In order to hide this table in the UI and the text report file, please set the "Show Parameter Settings in Synthesis Report" option in "Analysis and Synthesis Settings -> More Settings" to "Off".


+-----------------------------------------------------+
; Post-Synthesis Netlist Statistics for Top Partition ;
+-----------------------+-----------------------------+
; Type                  ; Count                       ;
+-----------------------+-----------------------------+
; boundary_port         ; 26                          ;
; cycloneiii_lcell_comb ; 29                          ;
;     normal            ; 29                          ;
;         2 data inputs ; 2                           ;
;         3 data inputs ; 4                           ;
;         4 data inputs ; 23                          ;
;                       ;                             ;
; Max LUT depth         ; 6.00                        ;
; Average LUT depth     ; 4.60                        ;
+-----------------------+-----------------------------+


+-------------------------------+
; Elapsed Time Per Partition    ;
+----------------+--------------+
; Partition Name ; Elapsed Time ;
+----------------+--------------+
; Top            ; 00:00:00     ;
+----------------+--------------+


+-------------------------------+
; Analysis & Synthesis Messages ;
+-------------------------------+
Info: *******************************************************************
Info: Running Quartus Prime Analysis & Synthesis
    Info: Version 21.1.0 Build 842 10/21/2021 SJ Lite Edition
    Info: Processing started: Wed Oct 18 16:17:43 2023
Info: Command: quartus_map --read_settings_files=on --write_settings_files=off ULA -c ULA
Warning (18236): Number of processors has not been specified which may cause overloading on shared machines.  Set the global assignment NUM_PARALLEL_PROCESSORS in your QSF to an appropriate value for best performance.
Info (20030): Parallel compilation is enabled and will use 4 of the 4 processors detected
Info (12021): Found 1 design units, including 1 entities, in source file ula.bdf
    Info (12023): Found entity 1: ULA
Info (12127): Elaborating entity "ULA" for the top level hierarchy
Info (12128): Elaborating entity "BUSMUX" for hierarchy "BUSMUX:inst"
Info (12130): Elaborated megafunction instantiation "BUSMUX:inst"
Info (12133): Instantiated megafunction "BUSMUX:inst" with the following parameter:
    Info (12134): Parameter "WIDTH" = "4"
Info (12128): Elaborating entity "lpm_mux" for hierarchy "BUSMUX:inst|lpm_mux:$00000" File: c:/intelfpga_lite/21.1/quartus/libraries/megafunctions/busmux.tdf Line: 44
Info (12131): Elaborated megafunction instantiation "BUSMUX:inst|lpm_mux:$00000", which is child of megafunction instantiation "BUSMUX:inst" File: c:/intelfpga_lite/21.1/quartus/libraries/megafunctions/busmux.tdf Line: 44
Info (12021): Found 1 design units, including 1 entities, in source file db/mux_arc.tdf
    Info (12023): Found entity 1: mux_arc File: C:/Users/14585976/Desktop/dalas/SSC0108-Pratica-Sistemas-Digitais/ULA/db/mux_arc.tdf Line: 23
Info (12128): Elaborating entity "mux_arc" for hierarchy "BUSMUX:inst|lpm_mux:$00000|mux_arc:auto_generated" File: c:/intelfpga_lite/21.1/quartus/libraries/megafunctions/lpm_mux.tdf Line: 87
Warning (12125): Using design file somadorcompleto4bits.bdf, which is not specified as a design file for the current project, but contains definitions for 1 design units and 1 entities in project
    Info (12023): Found entity 1: somadorcompleto4bits
Info (12128): Elaborating entity "somadorcompleto4bits" for hierarchy "somadorcompleto4bits:inSAst"
Warning (275008): Primitive "GND" of instance "inst5" not used
Warning (12125): Using design file somador.bdf, which is not specified as a design file for the current project, but contains definitions for 1 design units and 1 entities in project
    Info (12023): Found entity 1: Somador
Info (12128): Elaborating entity "Somador" for hierarchy "somadorcompleto4bits:inSAst|Somador:inst3"
Warning (12125): Using design file iwanttodie.bdf, which is not specified as a design file for the current project, but contains definitions for 1 design units and 1 entities in project
    Info (12023): Found entity 1: iwanttodie
Info (12128): Elaborating entity "iwanttodie" for hierarchy "iwanttodie:inst7"
Warning (275009): Pin "IN3" not connected
Warning (275008): Primitive "GND" of instance "inst" not used
Warning (12125): Using design file subtratorcompleto4bits.bdf, which is not specified as a design file for the current project, but contains definitions for 1 design units and 1 entities in project
    Info (12023): Found entity 1: Subtratorcompleto4bits
Info (12128): Elaborating entity "Subtratorcompleto4bits" for hierarchy "Subtratorcompleto4bits:inst6"
Warning (275008): Primitive "GND" of instance "inst4" not used
Warning (12125): Using design file subtratorcompleto.bdf, which is not specified as a design file for the current project, but contains definitions for 1 design units and 1 entities in project
    Info (12023): Found entity 1: Subtratorcompleto
Info (12128): Elaborating entity "Subtratorcompleto" for hierarchy "Subtratorcompleto4bits:inst6|Subtratorcompleto:inst"
Warning (12125): Using design file divide2.bdf, which is not specified as a design file for the current project, but contains definitions for 1 design units and 1 entities in project
    Info (12023): Found entity 1: Divide2
Info (12128): Elaborating entity "Divide2" for hierarchy "Divide2:inst3"
Warning (275009): Pin "Input0" not connected
Warning (275008): Primitive "GND" of instance "inst1" not used
Info (286030): Timing-Driven Synthesis is running
Info (16010): Generating hard_block partition "hard_block:auto_generated_inst"
    Info (16011): Adding 0 node(s), including 0 DDIO, 0 PLL, 0 transceiver and 0 LCELL
Info (21057): Implemented 55 device resources after synthesis - the final resource count might be different
    Info (21058): Implemented 18 input pins
    Info (21059): Implemented 8 output pins
    Info (21061): Implemented 29 logic cells
Info: Quartus Prime Analysis & Synthesis was successful. 0 errors, 13 warnings
    Info: Peak virtual memory: 4760 megabytes
    Info: Processing ended: Wed Oct 18 16:17:52 2023
    Info: Elapsed time: 00:00:09
    Info: Total CPU time (on all processors): 00:00:18


