Analysis & Synthesis report for CPU
Tue Oct 31 14:58:06 2023
Quartus Prime Version 21.1.0 Build 842 10/21/2021 SJ Lite Edition


---------------------
; Table of Contents ;
---------------------
  1. Legal Notice
  2. Analysis & Synthesis Summary
  3. Analysis & Synthesis Settings
  4. Parallel Compilation
  5. Analysis & Synthesis Source Files Read
  6. Analysis & Synthesis Resource Usage Summary
  7. Analysis & Synthesis Resource Utilization by Entity
  8. Analysis & Synthesis RAM Summary
  9. General Register Statistics
 10. Multiplexer Restructuring Statistics (Restructuring Performed)
 11. Source assignments for ROM2:DFAFBG|rom:inst|altsyncram:altsyncram_component|altsyncram_nnr3:auto_generated
 12. Parameter Settings for User Entity Instance: ROM2:DFAFBG|rom:inst|altsyncram:altsyncram_component
 13. Parameter Settings for User Entity Instance: ULA:inst25|BUSMUX:inst
 14. Parameter Settings for User Entity Instance: ULA:inst25|BUSMUX:inst9
 15. Parameter Settings for User Entity Instance: ULA:inst25|BUSMUX:inst10
 16. altsyncram Parameter Settings by Entity Instance
 17. Post-Synthesis Netlist Statistics for Top Partition
 18. Elapsed Time Per Partition
 19. Analysis & Synthesis Messages



----------------
; Legal Notice ;
----------------
Copyright (C) 2021  Intel Corporation. All rights reserved.
Your use of Intel Corporation's design tools, logic functions 
and other software and tools, and any partner logic 
functions, and any output files from any of the foregoing 
(including device programming or simulation files), and any 
associated documentation or information are expressly subject 
to the terms and conditions of the Intel Program License 
Subscription Agreement, the Intel Quartus Prime License Agreement,
the Intel FPGA IP License Agreement, or other applicable license
agreement, including, without limitation, that your use is for
the sole purpose of programming logic devices manufactured by
Intel and sold by Intel or its authorized distributors.  Please
refer to the applicable agreement for further details, at
https://fpgasoftware.intel.com/eula.



+----------------------------------------------------------------------------------+
; Analysis & Synthesis Summary                                                     ;
+------------------------------------+---------------------------------------------+
; Analysis & Synthesis Status        ; Successful - Tue Oct 31 14:58:06 2023       ;
; Quartus Prime Version              ; 21.1.0 Build 842 10/21/2021 SJ Lite Edition ;
; Revision Name                      ; CPU                                         ;
; Top-level Entity Name              ; CPU                                         ;
; Family                             ; Cyclone IV E                                ;
; Total logic elements               ; 63                                          ;
;     Total combinational functions  ; 59                                          ;
;     Dedicated logic registers      ; 16                                          ;
; Total registers                    ; 16                                          ;
; Total pins                         ; 35                                          ;
; Total virtual pins                 ; 0                                           ;
; Total memory bits                  ; 4,096                                       ;
; Embedded Multiplier 9-bit elements ; 0                                           ;
; Total PLLs                         ; 0                                           ;
+------------------------------------+---------------------------------------------+


+------------------------------------------------------------------------------------------------------------+
; Analysis & Synthesis Settings                                                                              ;
+------------------------------------------------------------------+--------------------+--------------------+
; Option                                                           ; Setting            ; Default Value      ;
+------------------------------------------------------------------+--------------------+--------------------+
; Device                                                           ; EP4CE115F29C7      ;                    ;
; Top-level entity name                                            ; CPU                ; CPU                ;
; Family name                                                      ; Cyclone IV E       ; Cyclone V          ;
; Use smart compilation                                            ; Off                ; Off                ;
; Enable parallel Assembler and Timing Analyzer during compilation ; On                 ; On                 ;
; Enable compact report table                                      ; Off                ; Off                ;
; Restructure Multiplexers                                         ; Auto               ; Auto               ;
; Create Debugging Nodes for IP Cores                              ; Off                ; Off                ;
; Preserve fewer node names                                        ; On                 ; On                 ;
; Intel FPGA IP Evaluation Mode                                    ; Enable             ; Enable             ;
; Verilog Version                                                  ; Verilog_2001       ; Verilog_2001       ;
; VHDL Version                                                     ; VHDL_1993          ; VHDL_1993          ;
; State Machine Processing                                         ; Auto               ; Auto               ;
; Safe State Machine                                               ; Off                ; Off                ;
; Extract Verilog State Machines                                   ; On                 ; On                 ;
; Extract VHDL State Machines                                      ; On                 ; On                 ;
; Ignore Verilog initial constructs                                ; Off                ; Off                ;
; Iteration limit for constant Verilog loops                       ; 5000               ; 5000               ;
; Iteration limit for non-constant Verilog loops                   ; 250                ; 250                ;
; Add Pass-Through Logic to Inferred RAMs                          ; On                 ; On                 ;
; Infer RAMs from Raw Logic                                        ; On                 ; On                 ;
; Parallel Synthesis                                               ; On                 ; On                 ;
; DSP Block Balancing                                              ; Auto               ; Auto               ;
; NOT Gate Push-Back                                               ; On                 ; On                 ;
; Power-Up Don't Care                                              ; On                 ; On                 ;
; Remove Redundant Logic Cells                                     ; Off                ; Off                ;
; Remove Duplicate Registers                                       ; On                 ; On                 ;
; Ignore CARRY Buffers                                             ; Off                ; Off                ;
; Ignore CASCADE Buffers                                           ; Off                ; Off                ;
; Ignore GLOBAL Buffers                                            ; Off                ; Off                ;
; Ignore ROW GLOBAL Buffers                                        ; Off                ; Off                ;
; Ignore LCELL Buffers                                             ; Off                ; Off                ;
; Ignore SOFT Buffers                                              ; On                 ; On                 ;
; Limit AHDL Integers to 32 Bits                                   ; Off                ; Off                ;
; Optimization Technique                                           ; Balanced           ; Balanced           ;
; Carry Chain Length                                               ; 70                 ; 70                 ;
; Auto Carry Chains                                                ; On                 ; On                 ;
; Auto Open-Drain Pins                                             ; On                 ; On                 ;
; Perform WYSIWYG Primitive Resynthesis                            ; Off                ; Off                ;
; Auto ROM Replacement                                             ; On                 ; On                 ;
; Auto RAM Replacement                                             ; On                 ; On                 ;
; Auto DSP Block Replacement                                       ; On                 ; On                 ;
; Auto Shift Register Replacement                                  ; Auto               ; Auto               ;
; Allow Shift Register Merging across Hierarchies                  ; Auto               ; Auto               ;
; Auto Clock Enable Replacement                                    ; On                 ; On                 ;
; Strict RAM Replacement                                           ; Off                ; Off                ;
; Allow Synchronous Control Signals                                ; On                 ; On                 ;
; Force Use of Synchronous Clear Signals                           ; Off                ; Off                ;
; Auto RAM Block Balancing                                         ; On                 ; On                 ;
; Auto RAM to Logic Cell Conversion                                ; Off                ; Off                ;
; Auto Resource Sharing                                            ; Off                ; Off                ;
; Allow Any RAM Size For Recognition                               ; Off                ; Off                ;
; Allow Any ROM Size For Recognition                               ; Off                ; Off                ;
; Allow Any Shift Register Size For Recognition                    ; Off                ; Off                ;
; Use LogicLock Constraints during Resource Balancing              ; On                 ; On                 ;
; Ignore translate_off and synthesis_off directives                ; Off                ; Off                ;
; Timing-Driven Synthesis                                          ; On                 ; On                 ;
; Report Parameter Settings                                        ; On                 ; On                 ;
; Report Source Assignments                                        ; On                 ; On                 ;
; Report Connectivity Checks                                       ; On                 ; On                 ;
; Ignore Maximum Fan-Out Assignments                               ; Off                ; Off                ;
; Synchronization Register Chain Length                            ; 2                  ; 2                  ;
; Power Optimization During Synthesis                              ; Normal compilation ; Normal compilation ;
; HDL message level                                                ; Level2             ; Level2             ;
; Suppress Register Optimization Related Messages                  ; Off                ; Off                ;
; Number of Removed Registers Reported in Synthesis Report         ; 5000               ; 5000               ;
; Number of Swept Nodes Reported in Synthesis Report               ; 5000               ; 5000               ;
; Number of Inverted Registers Reported in Synthesis Report        ; 100                ; 100                ;
; Clock MUX Protection                                             ; On                 ; On                 ;
; Auto Gated Clock Conversion                                      ; Off                ; Off                ;
; Block Design Naming                                              ; Auto               ; Auto               ;
; SDC constraint protection                                        ; Off                ; Off                ;
; Synthesis Effort                                                 ; Auto               ; Auto               ;
; Shift Register Replacement - Allow Asynchronous Clear Signal     ; On                 ; On                 ;
; Pre-Mapping Resynthesis Optimization                             ; Off                ; Off                ;
; Analysis & Synthesis Message Level                               ; Medium             ; Medium             ;
; Disable Register Merging Across Hierarchies                      ; Auto               ; Auto               ;
; Resource Aware Inference For Block RAM                           ; On                 ; On                 ;
+------------------------------------------------------------------+--------------------+--------------------+


+------------------------------------------+
; Parallel Compilation                     ;
+----------------------------+-------------+
; Processors                 ; Number      ;
+----------------------------+-------------+
; Number detected on machine ; 4           ;
; Maximum allowed            ; 4           ;
;                            ;             ;
; Average used               ; 1.00        ;
; Maximum used               ; 4           ;
;                            ;             ;
; Usage by Processor         ; % Time Used ;
;     Processor 1            ; 100.0%      ;
;     Processors 2-4         ;   0.0%      ;
+----------------------------+-------------+


+-------------------------------------------------------------------------------------------------------------------------------------------------------------------------------------------------------------------------+
; Analysis & Synthesis Source Files Read                                                                                                                                                                                  ;
+----------------------------------+-----------------+------------------------------------------+---------------------------------------------------------------------------------------------------------------+---------+
; File Name with User-Entered Path ; Used in Netlist ; File Type                                ; File Name with Absolute Path                                                                                  ; Library ;
+----------------------------------+-----------------+------------------------------------------+---------------------------------------------------------------------------------------------------------------+---------+
; CPU.bdf                          ; yes             ; User Block Diagram/Schematic File        ; C:/Users/12547510/Documents/pratica-sist-dig/SSC0108-Pratica-Sistemas-Digitais/CPU/CPU.bdf                    ;         ;
; contador.bdf                     ; yes             ; Auto-Found Block Diagram/Schematic File  ; C:/Users/12547510/Documents/pratica-sist-dig/SSC0108-Pratica-Sistemas-Digitais/CPU/contador.bdf               ;         ;
; uc.bdf                           ; yes             ; Auto-Found Block Diagram/Schematic File  ; C:/Users/12547510/Documents/pratica-sist-dig/SSC0108-Pratica-Sistemas-Digitais/CPU/uc.bdf                     ;         ;
; rom2.bdf                         ; yes             ; Auto-Found Block Diagram/Schematic File  ; C:/Users/12547510/Documents/pratica-sist-dig/SSC0108-Pratica-Sistemas-Digitais/CPU/rom2.bdf                   ;         ;
; rom.vhd                          ; yes             ; Auto-Found Wizard-Generated File         ; C:/Users/12547510/Documents/pratica-sist-dig/SSC0108-Pratica-Sistemas-Digitais/CPU/rom.vhd                    ;         ;
; altsyncram.tdf                   ; yes             ; Megafunction                             ; c:/intelfpga_lite/21.1/quartus/libraries/megafunctions/altsyncram.tdf                                         ;         ;
; stratix_ram_block.inc            ; yes             ; Megafunction                             ; c:/intelfpga_lite/21.1/quartus/libraries/megafunctions/stratix_ram_block.inc                                  ;         ;
; lpm_mux.inc                      ; yes             ; Megafunction                             ; c:/intelfpga_lite/21.1/quartus/libraries/megafunctions/lpm_mux.inc                                            ;         ;
; lpm_decode.inc                   ; yes             ; Megafunction                             ; c:/intelfpga_lite/21.1/quartus/libraries/megafunctions/lpm_decode.inc                                         ;         ;
; aglobal211.inc                   ; yes             ; Megafunction                             ; c:/intelfpga_lite/21.1/quartus/libraries/megafunctions/aglobal211.inc                                         ;         ;
; a_rdenreg.inc                    ; yes             ; Megafunction                             ; c:/intelfpga_lite/21.1/quartus/libraries/megafunctions/a_rdenreg.inc                                          ;         ;
; altrom.inc                       ; yes             ; Megafunction                             ; c:/intelfpga_lite/21.1/quartus/libraries/megafunctions/altrom.inc                                             ;         ;
; altram.inc                       ; yes             ; Megafunction                             ; c:/intelfpga_lite/21.1/quartus/libraries/megafunctions/altram.inc                                             ;         ;
; altdpram.inc                     ; yes             ; Megafunction                             ; c:/intelfpga_lite/21.1/quartus/libraries/megafunctions/altdpram.inc                                           ;         ;
; db/altsyncram_nnr3.tdf           ; yes             ; Auto-Generated Megafunction              ; C:/Users/12547510/Documents/pratica-sist-dig/SSC0108-Pratica-Sistemas-Digitais/CPU/db/altsyncram_nnr3.tdf     ;         ;
; mem01.mif                        ; yes             ; Auto-Found Memory Initialization File    ; C:/Users/12547510/Documents/pratica-sist-dig/SSC0108-Pratica-Sistemas-Digitais/CPU/mem01.mif                  ;         ;
; registrador.bdf                  ; yes             ; Auto-Found Block Diagram/Schematic File  ; C:/Users/12547510/Documents/pratica-sist-dig/SSC0108-Pratica-Sistemas-Digitais/CPU/registrador.bdf            ;         ;
; 21mux.bdf                        ; yes             ; Megafunction                             ; c:/intelfpga_lite/21.1/quartus/libraries/others/maxplus2/21mux.bdf                                            ;         ;
; ula.bdf                          ; yes             ; Auto-Found Block Diagram/Schematic File  ; C:/Users/12547510/Documents/pratica-sist-dig/SSC0108-Pratica-Sistemas-Digitais/CPU/ula.bdf                    ;         ;
; busmux.tdf                       ; yes             ; Megafunction                             ; c:/intelfpga_lite/21.1/quartus/libraries/megafunctions/busmux.tdf                                             ;         ;
; lpm_mux.tdf                      ; yes             ; Megafunction                             ; c:/intelfpga_lite/21.1/quartus/libraries/megafunctions/lpm_mux.tdf                                            ;         ;
; muxlut.inc                       ; yes             ; Megafunction                             ; c:/intelfpga_lite/21.1/quartus/libraries/megafunctions/muxlut.inc                                             ;         ;
; bypassff.inc                     ; yes             ; Megafunction                             ; c:/intelfpga_lite/21.1/quartus/libraries/megafunctions/bypassff.inc                                           ;         ;
; altshift.inc                     ; yes             ; Megafunction                             ; c:/intelfpga_lite/21.1/quartus/libraries/megafunctions/altshift.inc                                           ;         ;
; db/mux_arc.tdf                   ; yes             ; Auto-Generated Megafunction              ; C:/Users/12547510/Documents/pratica-sist-dig/SSC0108-Pratica-Sistemas-Digitais/CPU/db/mux_arc.tdf             ;         ;
; somadorcompleto4bits.bdf         ; yes             ; Auto-Found Block Diagram/Schematic File  ; C:/Users/12547510/Documents/pratica-sist-dig/SSC0108-Pratica-Sistemas-Digitais/CPU/somadorcompleto4bits.bdf   ;         ;
; somador.bdf                      ; yes             ; Auto-Found Block Diagram/Schematic File  ; C:/Users/12547510/Documents/pratica-sist-dig/SSC0108-Pratica-Sistemas-Digitais/CPU/somador.bdf                ;         ;
; iwanttodie.bdf                   ; yes             ; Auto-Found Block Diagram/Schematic File  ; C:/Users/12547510/Documents/pratica-sist-dig/SSC0108-Pratica-Sistemas-Digitais/CPU/iwanttodie.bdf             ;         ;
; subtratorcompleto4bits.bdf       ; yes             ; Auto-Found Block Diagram/Schematic File  ; C:/Users/12547510/Documents/pratica-sist-dig/SSC0108-Pratica-Sistemas-Digitais/CPU/subtratorcompleto4bits.bdf ;         ;
; subtratorcompleto.bdf            ; yes             ; Auto-Found Block Diagram/Schematic File  ; C:/Users/12547510/Documents/pratica-sist-dig/SSC0108-Pratica-Sistemas-Digitais/CPU/subtratorcompleto.bdf      ;         ;
; divide2.bdf                      ; yes             ; Auto-Found Block Diagram/Schematic File  ; C:/Users/12547510/Documents/pratica-sist-dig/SSC0108-Pratica-Sistemas-Digitais/CPU/divide2.bdf                ;         ;
+----------------------------------+-----------------+------------------------------------------+---------------------------------------------------------------------------------------------------------------+---------+


+---------------------------------------------------------+
; Analysis & Synthesis Resource Usage Summary             ;
+---------------------------------------------+-----------+
; Resource                                    ; Usage     ;
+---------------------------------------------+-----------+
; Estimated Total logic elements              ; 63        ;
;                                             ;           ;
; Total combinational functions               ; 59        ;
; Logic element usage by number of LUT inputs ;           ;
;     -- 4 input functions                    ; 33        ;
;     -- 3 input functions                    ; 15        ;
;     -- <=2 input functions                  ; 11        ;
;                                             ;           ;
; Logic elements by mode                      ;           ;
;     -- normal mode                          ; 59        ;
;     -- arithmetic mode                      ; 0         ;
;                                             ;           ;
; Total registers                             ; 16        ;
;     -- Dedicated logic registers            ; 16        ;
;     -- I/O registers                        ; 0         ;
;                                             ;           ;
; I/O pins                                    ; 35        ;
; Total memory bits                           ; 4096      ;
;                                             ;           ;
; Embedded Multiplier 9-bit elements          ; 0         ;
;                                             ;           ;
; Maximum fan-out node                        ; CLK~input ;
; Maximum fan-out                             ; 32        ;
; Total fan-out                               ; 466       ;
; Average fan-out                             ; 2.89      ;
+---------------------------------------------+-----------+


+------------------------------------------------------------------------------------------------------------------------------------------------------------------------------------------------------------------------------------------------------------------------------------------------------------+
; Analysis & Synthesis Resource Utilization by Entity                                                                                                                                                                                                                                                        ;
+----------------------------------------------+---------------------+---------------------------+-------------+--------------+---------+-----------+------+--------------+------------------------------------------------------------------------------------------+------------------------+--------------+
; Compilation Hierarchy Node                   ; Combinational ALUTs ; Dedicated Logic Registers ; Memory Bits ; DSP Elements ; DSP 9x9 ; DSP 18x18 ; Pins ; Virtual Pins ; Full Hierarchy Name                                                                      ; Entity Name            ; Library Name ;
+----------------------------------------------+---------------------+---------------------------+-------------+--------------+---------+-----------+------+--------------+------------------------------------------------------------------------------------------+------------------------+--------------+
; |CPU                                         ; 59 (0)              ; 16 (0)                    ; 4096        ; 0            ; 0       ; 0         ; 35   ; 0            ; |CPU                                                                                     ; CPU                    ; work         ;
;    |Contador:inst13|                         ; 31 (31)             ; 8 (8)                     ; 0           ; 0            ; 0       ; 0         ; 0    ; 0            ; |CPU|Contador:inst13                                                                     ; Contador               ; work         ;
;    |ROM2:DFAFBG|                             ; 0 (0)               ; 0 (0)                     ; 4096        ; 0            ; 0       ; 0         ; 0    ; 0            ; |CPU|ROM2:DFAFBG                                                                         ; ROM2                   ; work         ;
;       |rom:inst|                             ; 0 (0)               ; 0 (0)                     ; 4096        ; 0            ; 0       ; 0         ; 0    ; 0            ; |CPU|ROM2:DFAFBG|rom:inst                                                                ; rom                    ; work         ;
;          |altsyncram:altsyncram_component|   ; 0 (0)               ; 0 (0)                     ; 4096        ; 0            ; 0       ; 0         ; 0    ; 0            ; |CPU|ROM2:DFAFBG|rom:inst|altsyncram:altsyncram_component                                ; altsyncram             ; work         ;
;             |altsyncram_nnr3:auto_generated| ; 0 (0)               ; 0 (0)                     ; 4096        ; 0            ; 0       ; 0         ; 0    ; 0            ; |CPU|ROM2:DFAFBG|rom:inst|altsyncram:altsyncram_component|altsyncram_nnr3:auto_generated ; altsyncram_nnr3        ; work         ;
;    |Registrador:inst3|                       ; 1 (1)               ; 4 (4)                     ; 0           ; 0            ; 0       ; 0         ; 0    ; 0            ; |CPU|Registrador:inst3                                                                   ; Registrador            ; work         ;
;    |Registrador:inst4|                       ; 1 (1)               ; 4 (4)                     ; 0           ; 0            ; 0       ; 0         ; 0    ; 0            ; |CPU|Registrador:inst4                                                                   ; Registrador            ; work         ;
;    |ULA:inst25|                              ; 26 (16)             ; 0 (0)                     ; 0           ; 0            ; 0       ; 0         ; 0    ; 0            ; |CPU|ULA:inst25                                                                          ; ULA                    ; work         ;
;       |Subtratorcompleto4bits:inst6|         ; 4 (0)               ; 0 (0)                     ; 0           ; 0            ; 0       ; 0         ; 0    ; 0            ; |CPU|ULA:inst25|Subtratorcompleto4bits:inst6                                             ; Subtratorcompleto4bits ; work         ;
;          |Subtratorcompleto:inst1|           ; 1 (1)               ; 0 (0)                     ; 0           ; 0            ; 0       ; 0         ; 0    ; 0            ; |CPU|ULA:inst25|Subtratorcompleto4bits:inst6|Subtratorcompleto:inst1                     ; Subtratorcompleto      ; work         ;
;          |Subtratorcompleto:inst2|           ; 2 (2)               ; 0 (0)                     ; 0           ; 0            ; 0       ; 0         ; 0    ; 0            ; |CPU|ULA:inst25|Subtratorcompleto4bits:inst6|Subtratorcompleto:inst2                     ; Subtratorcompleto      ; work         ;
;          |Subtratorcompleto:inst3|           ; 1 (1)               ; 0 (0)                     ; 0           ; 0            ; 0       ; 0         ; 0    ; 0            ; |CPU|ULA:inst25|Subtratorcompleto4bits:inst6|Subtratorcompleto:inst3                     ; Subtratorcompleto      ; work         ;
;       |busmux:inst|                          ; 3 (0)               ; 0 (0)                     ; 0           ; 0            ; 0       ; 0         ; 0    ; 0            ; |CPU|ULA:inst25|busmux:inst                                                              ; busmux                 ; work         ;
;          |lpm_mux:$00000|                    ; 3 (0)               ; 0 (0)                     ; 0           ; 0            ; 0       ; 0         ; 0    ; 0            ; |CPU|ULA:inst25|busmux:inst|lpm_mux:$00000                                               ; lpm_mux                ; work         ;
;             |mux_arc:auto_generated|         ; 3 (3)               ; 0 (0)                     ; 0           ; 0            ; 0       ; 0         ; 0    ; 0            ; |CPU|ULA:inst25|busmux:inst|lpm_mux:$00000|mux_arc:auto_generated                        ; mux_arc                ; work         ;
;       |somadorcompleto4bits:inSAst|          ; 3 (0)               ; 0 (0)                     ; 0           ; 0            ; 0       ; 0         ; 0    ; 0            ; |CPU|ULA:inst25|somadorcompleto4bits:inSAst                                              ; somadorcompleto4bits   ; work         ;
;          |Somador:inst1|                     ; 2 (2)               ; 0 (0)                     ; 0           ; 0            ; 0       ; 0         ; 0    ; 0            ; |CPU|ULA:inst25|somadorcompleto4bits:inSAst|Somador:inst1                                ; Somador                ; work         ;
;          |Somador:inst2|                     ; 1 (1)               ; 0 (0)                     ; 0           ; 0            ; 0       ; 0         ; 0    ; 0            ; |CPU|ULA:inst25|somadorcompleto4bits:inSAst|Somador:inst2                                ; Somador                ; work         ;
+----------------------------------------------+---------------------+---------------------------+-------------+--------------+---------+-----------+------+--------------+------------------------------------------------------------------------------------------+------------------------+--------------+
Note: For table entries with two numbers listed, the numbers in parentheses indicate the number of resources of the given type used by the specific entity alone. The numbers listed outside of parentheses indicate the total resources of the given type used by the specific entity and all of its sub-entities in the hierarchy.


+---------------------------------------------------------------------------------------------------------------------------------------------------------------------------------------------+
; Analysis & Synthesis RAM Summary                                                                                                                                                            ;
+------------------------------------------------------------------------------------------------+------+------+--------------+--------------+--------------+--------------+------+-----------+
; Name                                                                                           ; Type ; Mode ; Port A Depth ; Port A Width ; Port B Depth ; Port B Width ; Size ; MIF       ;
+------------------------------------------------------------------------------------------------+------+------+--------------+--------------+--------------+--------------+------+-----------+
; ROM2:DFAFBG|rom:inst|altsyncram:altsyncram_component|altsyncram_nnr3:auto_generated|ALTSYNCRAM ; AUTO ; ROM  ; 256          ; 16           ; --           ; --           ; 4096 ; Mem01.mif ;
+------------------------------------------------------------------------------------------------+------+------+--------------+--------------+--------------+--------------+------+-----------+


+------------------------------------------------------+
; General Register Statistics                          ;
+----------------------------------------------+-------+
; Statistic                                    ; Value ;
+----------------------------------------------+-------+
; Total registers                              ; 16    ;
; Number of registers using Synchronous Clear  ; 0     ;
; Number of registers using Synchronous Load   ; 0     ;
; Number of registers using Asynchronous Clear ; 16    ;
; Number of registers using Asynchronous Load  ; 0     ;
; Number of registers using Clock Enable       ; 8     ;
; Number of registers using Preset             ; 0     ;
+----------------------------------------------+-------+


+------------------------------------------------------------------------------------------------------------------------------------------------------------------------------------------------+
; Multiplexer Restructuring Statistics (Restructuring Performed)                                                                                                                                 ;
+--------------------+-----------+---------------+----------------------+------------------------+------------+----------------------------------------------------------------------------------+
; Multiplexer Inputs ; Bus Width ; Baseline Area ; Area if Restructured ; Saving if Restructured ; Registered ; Example Multiplexer Output                                                       ;
+--------------------+-----------+---------------+----------------------+------------------------+------------+----------------------------------------------------------------------------------+
; 4:1                ; 2 bits    ; 4 LEs         ; 4 LEs                ; 0 LEs                  ; No         ; |CPU|ULA:inst25|busmux:inst|lpm_mux:$00000|mux_arc:auto_generated|result_node[2] ;
+--------------------+-----------+---------------+----------------------+------------------------+------------+----------------------------------------------------------------------------------+


+------------------------------------------------------------------------------------------------------------+
; Source assignments for ROM2:DFAFBG|rom:inst|altsyncram:altsyncram_component|altsyncram_nnr3:auto_generated ;
+---------------------------------+--------------------+------+----------------------------------------------+
; Assignment                      ; Value              ; From ; To                                           ;
+---------------------------------+--------------------+------+----------------------------------------------+
; OPTIMIZE_POWER_DURING_SYNTHESIS ; NORMAL_COMPILATION ; -    ; -                                            ;
+---------------------------------+--------------------+------+----------------------------------------------+


+---------------------------------------------------------------------------------------------------+
; Parameter Settings for User Entity Instance: ROM2:DFAFBG|rom:inst|altsyncram:altsyncram_component ;
+------------------------------------+----------------------+---------------------------------------+
; Parameter Name                     ; Value                ; Type                                  ;
+------------------------------------+----------------------+---------------------------------------+
; BYTE_SIZE_BLOCK                    ; 8                    ; Untyped                               ;
; AUTO_CARRY_CHAINS                  ; ON                   ; AUTO_CARRY                            ;
; IGNORE_CARRY_BUFFERS               ; OFF                  ; IGNORE_CARRY                          ;
; AUTO_CASCADE_CHAINS                ; ON                   ; AUTO_CASCADE                          ;
; IGNORE_CASCADE_BUFFERS             ; OFF                  ; IGNORE_CASCADE                        ;
; WIDTH_BYTEENA                      ; 1                    ; Untyped                               ;
; OPERATION_MODE                     ; ROM                  ; Untyped                               ;
; WIDTH_A                            ; 16                   ; Signed Integer                        ;
; WIDTHAD_A                          ; 8                    ; Signed Integer                        ;
; NUMWORDS_A                         ; 256                  ; Signed Integer                        ;
; OUTDATA_REG_A                      ; UNREGISTERED         ; Untyped                               ;
; ADDRESS_ACLR_A                     ; NONE                 ; Untyped                               ;
; OUTDATA_ACLR_A                     ; NONE                 ; Untyped                               ;
; WRCONTROL_ACLR_A                   ; NONE                 ; Untyped                               ;
; INDATA_ACLR_A                      ; NONE                 ; Untyped                               ;
; BYTEENA_ACLR_A                     ; NONE                 ; Untyped                               ;
; WIDTH_B                            ; 1                    ; Signed Integer                        ;
; WIDTHAD_B                          ; 1                    ; Signed Integer                        ;
; NUMWORDS_B                         ; 0                    ; Signed Integer                        ;
; INDATA_REG_B                       ; CLOCK1               ; Untyped                               ;
; WRCONTROL_WRADDRESS_REG_B          ; CLOCK1               ; Untyped                               ;
; RDCONTROL_REG_B                    ; CLOCK1               ; Untyped                               ;
; ADDRESS_REG_B                      ; CLOCK1               ; Untyped                               ;
; OUTDATA_REG_B                      ; UNREGISTERED         ; Untyped                               ;
; BYTEENA_REG_B                      ; CLOCK1               ; Untyped                               ;
; INDATA_ACLR_B                      ; NONE                 ; Untyped                               ;
; WRCONTROL_ACLR_B                   ; NONE                 ; Untyped                               ;
; ADDRESS_ACLR_B                     ; NONE                 ; Untyped                               ;
; OUTDATA_ACLR_B                     ; NONE                 ; Untyped                               ;
; RDCONTROL_ACLR_B                   ; NONE                 ; Untyped                               ;
; BYTEENA_ACLR_B                     ; NONE                 ; Untyped                               ;
; WIDTH_BYTEENA_A                    ; 1                    ; Signed Integer                        ;
; WIDTH_BYTEENA_B                    ; 1                    ; Signed Integer                        ;
; RAM_BLOCK_TYPE                     ; AUTO                 ; Untyped                               ;
; BYTE_SIZE                          ; 8                    ; Signed Integer                        ;
; READ_DURING_WRITE_MODE_MIXED_PORTS ; DONT_CARE            ; Untyped                               ;
; READ_DURING_WRITE_MODE_PORT_A      ; NEW_DATA_NO_NBE_READ ; Untyped                               ;
; READ_DURING_WRITE_MODE_PORT_B      ; NEW_DATA_NO_NBE_READ ; Untyped                               ;
; INIT_FILE                          ; Mem01.mif            ; Untyped                               ;
; INIT_FILE_LAYOUT                   ; PORT_A               ; Untyped                               ;
; MAXIMUM_DEPTH                      ; 0                    ; Signed Integer                        ;
; CLOCK_ENABLE_INPUT_A               ; BYPASS               ; Untyped                               ;
; CLOCK_ENABLE_INPUT_B               ; NORMAL               ; Untyped                               ;
; CLOCK_ENABLE_OUTPUT_A              ; BYPASS               ; Untyped                               ;
; CLOCK_ENABLE_OUTPUT_B              ; NORMAL               ; Untyped                               ;
; CLOCK_ENABLE_CORE_A                ; USE_INPUT_CLKEN      ; Untyped                               ;
; CLOCK_ENABLE_CORE_B                ; USE_INPUT_CLKEN      ; Untyped                               ;
; ENABLE_ECC                         ; FALSE                ; Untyped                               ;
; ECC_PIPELINE_STAGE_ENABLED         ; FALSE                ; Untyped                               ;
; WIDTH_ECCSTATUS                    ; 3                    ; Signed Integer                        ;
; DEVICE_FAMILY                      ; Cyclone IV E         ; Untyped                               ;
; CBXI_PARAMETER                     ; altsyncram_nnr3      ; Untyped                               ;
+------------------------------------+----------------------+---------------------------------------+
Note: In order to hide this table in the UI and the text report file, please set the "Show Parameter Settings in Synthesis Report" option in "Analysis and Synthesis Settings -> More Settings" to "Off".


+---------------------------------------------------------------------+
; Parameter Settings for User Entity Instance: ULA:inst25|BUSMUX:inst ;
+----------------+-------+--------------------------------------------+
; Parameter Name ; Value ; Type                                       ;
+----------------+-------+--------------------------------------------+
; WIDTH          ; 4     ; Untyped                                    ;
+----------------+-------+--------------------------------------------+
Note: In order to hide this table in the UI and the text report file, please set the "Show Parameter Settings in Synthesis Report" option in "Analysis and Synthesis Settings -> More Settings" to "Off".


+----------------------------------------------------------------------+
; Parameter Settings for User Entity Instance: ULA:inst25|BUSMUX:inst9 ;
+----------------+-------+---------------------------------------------+
; Parameter Name ; Value ; Type                                        ;
+----------------+-------+---------------------------------------------+
; WIDTH          ; 4     ; Untyped                                     ;
+----------------+-------+---------------------------------------------+
Note: In order to hide this table in the UI and the text report file, please set the "Show Parameter Settings in Synthesis Report" option in "Analysis and Synthesis Settings -> More Settings" to "Off".


+-----------------------------------------------------------------------+
; Parameter Settings for User Entity Instance: ULA:inst25|BUSMUX:inst10 ;
+----------------+-------+----------------------------------------------+
; Parameter Name ; Value ; Type                                         ;
+----------------+-------+----------------------------------------------+
; WIDTH          ; 4     ; Untyped                                      ;
+----------------+-------+----------------------------------------------+
Note: In order to hide this table in the UI and the text report file, please set the "Show Parameter Settings in Synthesis Report" option in "Analysis and Synthesis Settings -> More Settings" to "Off".


+--------------------------------------------------------------------------------------------------+
; altsyncram Parameter Settings by Entity Instance                                                 ;
+-------------------------------------------+------------------------------------------------------+
; Name                                      ; Value                                                ;
+-------------------------------------------+------------------------------------------------------+
; Number of entity instances                ; 1                                                    ;
; Entity Instance                           ; ROM2:DFAFBG|rom:inst|altsyncram:altsyncram_component ;
;     -- OPERATION_MODE                     ; ROM                                                  ;
;     -- WIDTH_A                            ; 16                                                   ;
;     -- NUMWORDS_A                         ; 256                                                  ;
;     -- OUTDATA_REG_A                      ; UNREGISTERED                                         ;
;     -- WIDTH_B                            ; 1                                                    ;
;     -- NUMWORDS_B                         ; 0                                                    ;
;     -- ADDRESS_REG_B                      ; CLOCK1                                               ;
;     -- OUTDATA_REG_B                      ; UNREGISTERED                                         ;
;     -- RAM_BLOCK_TYPE                     ; AUTO                                                 ;
;     -- READ_DURING_WRITE_MODE_MIXED_PORTS ; DONT_CARE                                            ;
+-------------------------------------------+------------------------------------------------------+


+-----------------------------------------------------+
; Post-Synthesis Netlist Statistics for Top Partition ;
+-----------------------+-----------------------------+
; Type                  ; Count                       ;
+-----------------------+-----------------------------+
; boundary_port         ; 35                          ;
; cycloneiii_ff         ; 16                          ;
;     CLR               ; 8                           ;
;     ENA CLR           ; 8                           ;
; cycloneiii_lcell_comb ; 59                          ;
;     normal            ; 59                          ;
;         2 data inputs ; 11                          ;
;         3 data inputs ; 15                          ;
;         4 data inputs ; 33                          ;
; cycloneiii_ram_block  ; 16                          ;
;                       ;                             ;
; Max LUT depth         ; 6.00                        ;
; Average LUT depth     ; 3.91                        ;
+-----------------------+-----------------------------+


+-------------------------------+
; Elapsed Time Per Partition    ;
+----------------+--------------+
; Partition Name ; Elapsed Time ;
+----------------+--------------+
; Top            ; 00:00:00     ;
+----------------+--------------+


+-------------------------------+
; Analysis & Synthesis Messages ;
+-------------------------------+
Info: *******************************************************************
Info: Running Quartus Prime Analysis & Synthesis
    Info: Version 21.1.0 Build 842 10/21/2021 SJ Lite Edition
    Info: Processing started: Tue Oct 31 14:57:56 2023
Info: Command: quartus_map --read_settings_files=on --write_settings_files=off CPU -c CPU
Warning (18236): Number of processors has not been specified which may cause overloading on shared machines.  Set the global assignment NUM_PARALLEL_PROCESSORS in your QSF to an appropriate value for best performance.
Info (20030): Parallel compilation is enabled and will use 4 of the 4 processors detected
Info (12021): Found 1 design units, including 1 entities, in source file cpu.bdf
    Info (12023): Found entity 1: CPU
Info (12127): Elaborating entity "CPU" for the top level hierarchy
Warning (275080): Converted elements in bus name "contador" using legacy naming rules. Make any assignments on the new names, not on the original names.
    Warning (275081): Converted element name(s) from "contador[0]" to "contador0"
    Warning (275081): Converted element name(s) from "contador[1]" to "contador1"
    Warning (275081): Converted element name(s) from "contador[2]" to "contador2"
    Warning (275081): Converted element name(s) from "contador[3]" to "contador3"
    Warning (275081): Converted element name(s) from "contador[4]" to "contador4"
    Warning (275081): Converted element name(s) from "contador[5]" to "contador5"
    Warning (275081): Converted element name(s) from "contador[6]" to "contador6"
    Warning (275081): Converted element name(s) from "contador[7]" to "contador7"
    Warning (275081): Converted element name(s) from "contador[0]" to "contador0"
    Warning (275081): Converted element name(s) from "contador[1]" to "contador1"
    Warning (275081): Converted element name(s) from "contador[2]" to "contador2"
    Warning (275081): Converted element name(s) from "contador[3]" to "contador3"
    Warning (275081): Converted element name(s) from "contador[4]" to "contador4"
    Warning (275081): Converted element name(s) from "contador[5]" to "contador5"
    Warning (275081): Converted element name(s) from "contador[6]" to "contador6"
    Warning (275081): Converted element name(s) from "contador[7]" to "contador7"
    Warning (275081): Converted element name(s) from "contador[7..0]" to "contador7..0"
Warning (12125): Using design file contador.bdf, which is not specified as a design file for the current project, but contains definitions for 1 design units and 1 entities in project
    Info (12023): Found entity 1: Contador
Info (12128): Elaborating entity "Contador" for hierarchy "Contador:inst13"
Warning (275009): Pin "clock" not connected
Warning (12125): Using design file uc.bdf, which is not specified as a design file for the current project, but contains definitions for 1 design units and 1 entities in project
    Info (12023): Found entity 1: UC
Info (12128): Elaborating entity "UC" for hierarchy "UC:inst"
Warning (12125): Using design file rom2.bdf, which is not specified as a design file for the current project, but contains definitions for 1 design units and 1 entities in project
    Info (12023): Found entity 1: ROM2
Info (12128): Elaborating entity "ROM2" for hierarchy "ROM2:DFAFBG"
Warning (275009): Pin "CLOCK_50" not connected
Warning (275009): Pin "reset" not connected
Warning (12125): Using design file rom.vhd, which is not specified as a design file for the current project, but contains definitions for 2 design units and 1 entities in project
    Info (12022): Found design unit 1: rom-SYN File: C:/Users/12547510/Documents/pratica-sist-dig/SSC0108-Pratica-Sistemas-Digitais/CPU/rom.vhd Line: 53
    Info (12023): Found entity 1: rom File: C:/Users/12547510/Documents/pratica-sist-dig/SSC0108-Pratica-Sistemas-Digitais/CPU/rom.vhd Line: 43
Info (12128): Elaborating entity "rom" for hierarchy "ROM2:DFAFBG|rom:inst"
Info (12128): Elaborating entity "altsyncram" for hierarchy "ROM2:DFAFBG|rom:inst|altsyncram:altsyncram_component" File: C:/Users/12547510/Documents/pratica-sist-dig/SSC0108-Pratica-Sistemas-Digitais/CPU/rom.vhd Line: 60
Info (12130): Elaborated megafunction instantiation "ROM2:DFAFBG|rom:inst|altsyncram:altsyncram_component" File: C:/Users/12547510/Documents/pratica-sist-dig/SSC0108-Pratica-Sistemas-Digitais/CPU/rom.vhd Line: 60
Info (12133): Instantiated megafunction "ROM2:DFAFBG|rom:inst|altsyncram:altsyncram_component" with the following parameter: File: C:/Users/12547510/Documents/pratica-sist-dig/SSC0108-Pratica-Sistemas-Digitais/CPU/rom.vhd Line: 60
    Info (12134): Parameter "address_aclr_a" = "NONE"
    Info (12134): Parameter "address_aclr_b" = "NONE"
    Info (12134): Parameter "address_reg_b" = "CLOCK1"
    Info (12134): Parameter "byte_size" = "8"
    Info (12134): Parameter "byteena_aclr_a" = "UNUSED"
    Info (12134): Parameter "byteena_aclr_b" = "NONE"
    Info (12134): Parameter "byteena_reg_b" = "CLOCK1"
    Info (12134): Parameter "clock_enable_core_a" = "USE_INPUT_CLKEN"
    Info (12134): Parameter "clock_enable_core_b" = "USE_INPUT_CLKEN"
    Info (12134): Parameter "clock_enable_input_a" = "BYPASS"
    Info (12134): Parameter "clock_enable_input_b" = "NORMAL"
    Info (12134): Parameter "clock_enable_output_a" = "BYPASS"
    Info (12134): Parameter "clock_enable_output_b" = "NORMAL"
    Info (12134): Parameter "intended_device_family" = "Cyclone IV E"
    Info (12134): Parameter "ecc_pipeline_stage_enabled" = "FALSE"
    Info (12134): Parameter "enable_ecc" = "FALSE"
    Info (12134): Parameter "implement_in_les" = "OFF"
    Info (12134): Parameter "indata_aclr_a" = "UNUSED"
    Info (12134): Parameter "indata_aclr_b" = "NONE"
    Info (12134): Parameter "indata_reg_b" = "CLOCK1"
    Info (12134): Parameter "init_file" = "Mem01.mif"
    Info (12134): Parameter "init_file_layout" = "PORT_A"
    Info (12134): Parameter "maximum_depth" = "0"
    Info (12134): Parameter "numwords_a" = "256"
    Info (12134): Parameter "numwords_b" = "0"
    Info (12134): Parameter "operation_mode" = "ROM"
    Info (12134): Parameter "outdata_aclr_a" = "NONE"
    Info (12134): Parameter "outdata_aclr_b" = "NONE"
    Info (12134): Parameter "outdata_reg_a" = "UNREGISTERED"
    Info (12134): Parameter "outdata_reg_b" = "UNREGISTERED"
    Info (12134): Parameter "power_up_uninitialized" = "FALSE"
    Info (12134): Parameter "ram_block_type" = "AUTO"
    Info (12134): Parameter "rdcontrol_aclr_b" = "NONE"
    Info (12134): Parameter "rdcontrol_reg_b" = "CLOCK1"
    Info (12134): Parameter "read_during_write_mode_mixed_ports" = "DONT_CARE"
    Info (12134): Parameter "read_during_write_mode_port_a" = "NEW_DATA_NO_NBE_READ"
    Info (12134): Parameter "read_during_write_mode_port_b" = "NEW_DATA_NO_NBE_READ"
    Info (12134): Parameter "stratixiv_m144k_allow_dual_clocks" = "ON"
    Info (12134): Parameter "width_a" = "16"
    Info (12134): Parameter "width_b" = "1"
    Info (12134): Parameter "width_byteena_a" = "1"
    Info (12134): Parameter "width_byteena_b" = "1"
    Info (12134): Parameter "width_eccstatus" = "3"
    Info (12134): Parameter "widthad_a" = "8"
    Info (12134): Parameter "widthad_b" = "1"
    Info (12134): Parameter "wrcontrol_aclr_a" = "UNUSED"
    Info (12134): Parameter "wrcontrol_aclr_b" = "NONE"
    Info (12134): Parameter "wrcontrol_wraddress_reg_b" = "CLOCK1"
    Info (12134): Parameter "lpm_hint" = "ENABLE_RUNTIME_MOD=NO"
    Info (12134): Parameter "lpm_type" = "altsyncram"
Info (12021): Found 1 design units, including 1 entities, in source file db/altsyncram_nnr3.tdf
    Info (12023): Found entity 1: altsyncram_nnr3 File: C:/Users/12547510/Documents/pratica-sist-dig/SSC0108-Pratica-Sistemas-Digitais/CPU/db/altsyncram_nnr3.tdf Line: 28
Info (12128): Elaborating entity "altsyncram_nnr3" for hierarchy "ROM2:DFAFBG|rom:inst|altsyncram:altsyncram_component|altsyncram_nnr3:auto_generated" File: c:/intelfpga_lite/21.1/quartus/libraries/megafunctions/altsyncram.tdf Line: 792
Warning (12125): Using design file registrador.bdf, which is not specified as a design file for the current project, but contains definitions for 1 design units and 1 entities in project
    Info (12023): Found entity 1: Registrador
Info (12128): Elaborating entity "Registrador" for hierarchy "Registrador:inst3"
Warning (275009): Pin "CLK50" not connected
Info (12128): Elaborating entity "21mux" for hierarchy "Registrador:inst3|21mux:inst10"
Info (12130): Elaborated megafunction instantiation "Registrador:inst3|21mux:inst10"
Warning (12125): Using design file ula.bdf, which is not specified as a design file for the current project, but contains definitions for 1 design units and 1 entities in project
    Info (12023): Found entity 1: ULA
Info (12128): Elaborating entity "ULA" for hierarchy "ULA:inst25"
Info (12128): Elaborating entity "BUSMUX" for hierarchy "ULA:inst25|BUSMUX:inst"
Info (12130): Elaborated megafunction instantiation "ULA:inst25|BUSMUX:inst"
Info (12133): Instantiated megafunction "ULA:inst25|BUSMUX:inst" with the following parameter:
    Info (12134): Parameter "WIDTH" = "4"
Info (12128): Elaborating entity "lpm_mux" for hierarchy "ULA:inst25|BUSMUX:inst|lpm_mux:$00000" File: c:/intelfpga_lite/21.1/quartus/libraries/megafunctions/busmux.tdf Line: 44
Info (12131): Elaborated megafunction instantiation "ULA:inst25|BUSMUX:inst|lpm_mux:$00000", which is child of megafunction instantiation "ULA:inst25|BUSMUX:inst" File: c:/intelfpga_lite/21.1/quartus/libraries/megafunctions/busmux.tdf Line: 44
Info (12021): Found 1 design units, including 1 entities, in source file db/mux_arc.tdf
    Info (12023): Found entity 1: mux_arc File: C:/Users/12547510/Documents/pratica-sist-dig/SSC0108-Pratica-Sistemas-Digitais/CPU/db/mux_arc.tdf Line: 23
Info (12128): Elaborating entity "mux_arc" for hierarchy "ULA:inst25|BUSMUX:inst|lpm_mux:$00000|mux_arc:auto_generated" File: c:/intelfpga_lite/21.1/quartus/libraries/megafunctions/lpm_mux.tdf Line: 87
Warning (12125): Using design file somadorcompleto4bits.bdf, which is not specified as a design file for the current project, but contains definitions for 1 design units and 1 entities in project
    Info (12023): Found entity 1: somadorcompleto4bits
Info (12128): Elaborating entity "somadorcompleto4bits" for hierarchy "ULA:inst25|somadorcompleto4bits:inSAst"
Warning (275008): Primitive "GND" of instance "inst5" not used
Warning (12125): Using design file somador.bdf, which is not specified as a design file for the current project, but contains definitions for 1 design units and 1 entities in project
    Info (12023): Found entity 1: Somador
Info (12128): Elaborating entity "Somador" for hierarchy "ULA:inst25|somadorcompleto4bits:inSAst|Somador:inst3"
Warning (12125): Using design file iwanttodie.bdf, which is not specified as a design file for the current project, but contains definitions for 1 design units and 1 entities in project
    Info (12023): Found entity 1: iwanttodie
Info (12128): Elaborating entity "iwanttodie" for hierarchy "ULA:inst25|iwanttodie:inst7"
Warning (275009): Pin "IN3" not connected
Warning (275008): Primitive "GND" of instance "inst" not used
Warning (12125): Using design file subtratorcompleto4bits.bdf, which is not specified as a design file for the current project, but contains definitions for 1 design units and 1 entities in project
    Info (12023): Found entity 1: Subtratorcompleto4bits
Info (12128): Elaborating entity "Subtratorcompleto4bits" for hierarchy "ULA:inst25|Subtratorcompleto4bits:inst6"
Warning (275008): Primitive "GND" of instance "inst4" not used
Warning (12125): Using design file subtratorcompleto.bdf, which is not specified as a design file for the current project, but contains definitions for 1 design units and 1 entities in project
    Info (12023): Found entity 1: Subtratorcompleto
Info (12128): Elaborating entity "Subtratorcompleto" for hierarchy "ULA:inst25|Subtratorcompleto4bits:inst6|Subtratorcompleto:inst"
Warning (12125): Using design file divide2.bdf, which is not specified as a design file for the current project, but contains definitions for 1 design units and 1 entities in project
    Info (12023): Found entity 1: Divide2
Info (12128): Elaborating entity "Divide2" for hierarchy "ULA:inst25|Divide2:inst3"
Warning (275009): Pin "Input0" not connected
Warning (275008): Primitive "GND" of instance "inst1" not used
Warning (13004): Presettable and clearable registers converted to equivalent circuits with latches. Registers power-up to an undefined state, and DEVCLRn places the registers in an undefined state.
    Warning (13310): Register "Contador:inst13|inst" is converted into an equivalent circuit using register "Contador:inst13|inst~_emulated" and latch "Contador:inst13|inst~1"
    Warning (13310): Register "Contador:inst13|inst1" is converted into an equivalent circuit using register "Contador:inst13|inst1~_emulated" and latch "Contador:inst13|inst1~1"
    Warning (13310): Register "Contador:inst13|inst6" is converted into an equivalent circuit using register "Contador:inst13|inst6~_emulated" and latch "Contador:inst13|inst6~1"
    Warning (13310): Register "Contador:inst13|inst7" is converted into an equivalent circuit using register "Contador:inst13|inst7~_emulated" and latch "Contador:inst13|inst7~1"
Info (286030): Timing-Driven Synthesis is running
Info (16010): Generating hard_block partition "hard_block:auto_generated_inst"
    Info (16011): Adding 0 node(s), including 0 DDIO, 0 PLL, 0 transceiver and 0 LCELL
Warning (21074): Design contains 1 input pin(s) that do not drive logic
    Warning (15610): No output dependent on input pin "CLK50"
Info (21057): Implemented 118 device resources after synthesis - the final resource count might be different
    Info (21058): Implemented 3 input pins
    Info (21059): Implemented 32 output pins
    Info (21061): Implemented 67 logic cells
    Info (21064): Implemented 16 RAM segments
Info: Quartus Prime Analysis & Synthesis was successful. 0 errors, 48 warnings
    Info: Peak virtual memory: 4827 megabytes
    Info: Processing ended: Tue Oct 31 14:58:06 2023
    Info: Elapsed time: 00:00:10
    Info: Total CPU time (on all processors): 00:00:18


